#! /usr/bin/vvp
:ivl_version "12.0 (stable)" "(v12_0-dirty)";
:ivl_delay_selection "TYPICAL";
:vpi_time_precision + 0;
:vpi_module "/usr/lib/ivl/system.vpi";
:vpi_module "/usr/lib/ivl/vhdl_sys.vpi";
:vpi_module "/usr/lib/ivl/vhdl_textio.vpi";
:vpi_module "/usr/lib/ivl/v2005_math.vpi";
:vpi_module "/usr/lib/ivl/va_math.vpi";
:vpi_module "/usr/lib/ivl/v2009.vpi";
S_0x562fbf741550 .scope package, "$unit" "$unit" 2 1;
 .timescale 0 0;
S_0x562fbf7416e0 .scope module, "maindec" "maindec" 3 1;
 .timescale 0 0;
    .port_info 0 /INPUT 7 "op";
    .port_info 1 /OUTPUT 2 "ResultSrc";
    .port_info 2 /OUTPUT 1 "MemWrite";
    .port_info 3 /OUTPUT 1 "Branch";
    .port_info 4 /OUTPUT 1 "ALUSrc";
    .port_info 5 /OUTPUT 1 "RegWrite";
    .port_info 6 /OUTPUT 1 "Jump";
    .port_info 7 /OUTPUT 2 "ImmSrc";
    .port_info 8 /OUTPUT 2 "ALUOp";
v0x562fbf769d60_0 .net "ALUOp", 1 0, L_0x562fbf78ebd0;  1 drivers
v0x562fbf78dc20_0 .net "ALUSrc", 0 0, L_0x562fbf78e7c0;  1 drivers
v0x562fbf78dce0_0 .net "Branch", 0 0, L_0x562fbf78eac0;  1 drivers
v0x562fbf78dd80_0 .net "ImmSrc", 1 0, L_0x562fbf78e6f0;  1 drivers
v0x562fbf78de60_0 .net "Jump", 0 0, L_0x562fbf78ec70;  1 drivers
v0x562fbf78df70_0 .net "MemWrite", 0 0, L_0x562fbf78e860;  1 drivers
v0x562fbf78e030_0 .net "RegWrite", 0 0, L_0x562fbf78e620;  1 drivers
v0x562fbf78e0f0_0 .net "ResultSrc", 1 0, L_0x562fbf78e9f0;  1 drivers
v0x562fbf78e1d0_0 .net *"_ivl_10", 10 0, v0x562fbf78e340_0;  1 drivers
v0x562fbf78e340_0 .var "controls", 10 0;
o0x7f362b2d01f8 .functor BUFZ 7, C4<zzzzzzz>; HiZ drive
v0x562fbf78e420_0 .net "op", 6 0, o0x7f362b2d01f8;  0 drivers
E_0x562fbf77b280 .event anyedge, v0x562fbf78e420_0;
L_0x562fbf78e620 .part v0x562fbf78e340_0, 10, 1;
L_0x562fbf78e6f0 .part v0x562fbf78e340_0, 8, 2;
L_0x562fbf78e7c0 .part v0x562fbf78e340_0, 7, 1;
L_0x562fbf78e860 .part v0x562fbf78e340_0, 6, 1;
L_0x562fbf78e9f0 .part v0x562fbf78e340_0, 4, 2;
L_0x562fbf78eac0 .part v0x562fbf78e340_0, 3, 1;
L_0x562fbf78ebd0 .part v0x562fbf78e340_0, 1, 2;
L_0x562fbf78ec70 .part v0x562fbf78e340_0, 0, 1;
    .scope S_0x562fbf7416e0;
T_0 ;
Ewait_0 .event/or E_0x562fbf77b280, E_0x0;
    %wait Ewait_0;
    %load/vec4 v0x562fbf78e420_0;
    %dup/vec4;
    %pushi/vec4 3, 0, 7;
    %cmp/u;
    %jmp/1 T_0.0, 6;
    %dup/vec4;
    %pushi/vec4 35, 0, 7;
    %cmp/u;
    %jmp/1 T_0.1, 6;
    %dup/vec4;
    %pushi/vec4 51, 0, 7;
    %cmp/u;
    %jmp/1 T_0.2, 6;
    %dup/vec4;
    %pushi/vec4 99, 0, 7;
    %cmp/u;
    %jmp/1 T_0.3, 6;
    %dup/vec4;
    %pushi/vec4 19, 0, 7;
    %cmp/u;
    %jmp/1 T_0.4, 6;
    %dup/vec4;
    %pushi/vec4 111, 0, 7;
    %cmp/u;
    %jmp/1 T_0.5, 6;
    %pushi/vec4 2047, 2047, 11;
    %store/vec4 v0x562fbf78e340_0, 0, 11;
    %jmp T_0.7;
T_0.0 ;
    %pushi/vec4 1168, 0, 11;
    %store/vec4 v0x562fbf78e340_0, 0, 11;
    %jmp T_0.7;
T_0.1 ;
    %pushi/vec4 448, 0, 11;
    %store/vec4 v0x562fbf78e340_0, 0, 11;
    %jmp T_0.7;
T_0.2 ;
    %pushi/vec4 1796, 768, 11;
    %store/vec4 v0x562fbf78e340_0, 0, 11;
    %jmp T_0.7;
T_0.3 ;
    %pushi/vec4 522, 0, 11;
    %store/vec4 v0x562fbf78e340_0, 0, 11;
    %jmp T_0.7;
T_0.4 ;
    %pushi/vec4 1156, 0, 11;
    %store/vec4 v0x562fbf78e340_0, 0, 11;
    %jmp T_0.7;
T_0.5 ;
    %pushi/vec4 1825, 0, 11;
    %store/vec4 v0x562fbf78e340_0, 0, 11;
    %jmp T_0.7;
T_0.7 ;
    %pop/vec4 1;
    %jmp T_0;
    .thread T_0, $push;
# The file index is used to find the file name in the following table.
:file_names 4;
    "N/A";
    "<interactive>";
    "-";
    "maindec.sv";
