#! /usr/bin/vvp
:ivl_version "12.0 (stable)" "(v12_0-dirty)";
:ivl_delay_selection "TYPICAL";
:vpi_time_precision + 0;
:vpi_module "/usr/lib/ivl/system.vpi";
:vpi_module "/usr/lib/ivl/vhdl_sys.vpi";
:vpi_module "/usr/lib/ivl/vhdl_textio.vpi";
:vpi_module "/usr/lib/ivl/v2005_math.vpi";
:vpi_module "/usr/lib/ivl/va_math.vpi";
:vpi_module "/usr/lib/ivl/v2009.vpi";
S_0x564729cd0520 .scope package, "$unit" "$unit" 2 1;
 .timescale 0 0;
S_0x564729cd06b0 .scope module, "extend" "extend" 3 1;
 .timescale 0 0;
    .port_info 0 /INPUT 25 "instr";
    .port_info 1 /INPUT 2 "immsrc";
    .port_info 2 /OUTPUT 32 "immext";
v0x564729cf6f50_0 .var "i", 31 0;
v0x564729d18fa0_0 .var "immext", 31 0;
o0x7f8c42cd6078 .functor BUFZ 2, C4<zz>; HiZ drive
v0x564729d19080_0 .net "immsrc", 1 0, o0x7f8c42cd6078;  0 drivers
o0x7f8c42cd60a8 .functor BUFZ 25, C4<zzzzzzzzzzzzzzzzzzzzzzzzz>; HiZ drive
v0x564729d19140_0 .net "instr", 31 7, o0x7f8c42cd60a8;  0 drivers
E_0x564729d09fa0 .event anyedge, v0x564729d19080_0, v0x564729d19140_0, v0x564729d19140_0;
    .scope S_0x564729cd06b0;
T_0 ;
Ewait_0 .event/or E_0x564729d09fa0, E_0x0;
    %wait Ewait_0;
    %load/vec4 v0x564729d19080_0;
    %dup/vec4;
    %pushi/vec4 0, 0, 2;
    %cmp/u;
    %jmp/1 T_0.0, 6;
    %pushi/vec4 4294967295, 4294967295, 32;
    %store/vec4 v0x564729cf6f50_0, 0, 32;
    %jmp T_0.2;
T_0.0 ;
    %load/vec4 v0x564729d19140_0;
    %parti/s 1, 24, 6;
    %replicate 20;
    %load/vec4 v0x564729d19140_0;
    %parti/s 12, 13, 5;
    %concat/vec4; draw_concat_vec4
    %store/vec4 v0x564729cf6f50_0, 0, 32;
    %jmp T_0.2;
T_0.2 ;
    %pop/vec4 1;
    %jmp T_0;
    .thread T_0, $push;
# The file index is used to find the file name in the following table.
:file_names 4;
    "N/A";
    "<interactive>";
    "-";
    "extend.sv";
