#! /c/Source/iverilog-install/bin/vvp
:ivl_version "12.0 (devel)" "(s20150603-1539-g2693dd32b)";
:ivl_delay_selection "TYPICAL";
:vpi_time_precision + 0;
:vpi_module "C:\iverilog\lib\ivl\system.vpi";
:vpi_module "C:\iverilog\lib\ivl\vhdl_sys.vpi";
:vpi_module "C:\iverilog\lib\ivl\vhdl_textio.vpi";
:vpi_module "C:\iverilog\lib\ivl\v2005_math.vpi";
:vpi_module "C:\iverilog\lib\ivl\va_math.vpi";
:vpi_module "C:\iverilog\lib\ivl\v2009.vpi";
S_000001db1faa9e40 .scope package, "$unit" "$unit" 2 1;
 .timescale 0 0;
S_000001db1f9852f0 .scope module, "counter_test" "counter_test" 3 1;
 .timescale 0 0;
L_000001db1faae510 .functor BUFZ 32, v000001db1f952e70_0, C4<00000000000000000000000000000000>, C4<00000000000000000000000000000000>, C4<00000000000000000000000000000000>;
v000001db1faab220_0 .var "Clk", 0 0;
v000001db1faab2c0_0 .net "Q", 31 0, L_000001db1faae510;  1 drivers
v000001db1faab360_0 .net "out", 31 0, L_000001db1faab4a0;  1 drivers
v000001db1faab400_0 .net "q", 31 0, v000001db1f952e70_0;  1 drivers
v000001db1f952510_0 .var "reset", 0 0;
S_000001db1f985480 .scope module, "dut1" "counter" 3 7, 4 1 0, S_000001db1f9852f0;
 .timescale 0 0;
    .port_info 0 /INPUT 1 "Clk";
    .port_info 1 /INPUT 1 "reset";
    .port_info 2 /OUTPUT 32 "q";
v000001db1f952be0_0 .net "Clk", 0 0, v000001db1faab220_0;  1 drivers
v000001db1f952e70_0 .var "q", 31 0;
v000001db1faa9fd0_0 .net "reset", 0 0, v000001db1f952510_0;  1 drivers
E_000001db1f988ec0 .event posedge, v000001db1faa9fd0_0, v000001db1f952be0_0;
S_000001db1faab090 .scope module, "dut2" "imem" 3 8, 5 1 0, S_000001db1f9852f0;
 .timescale 0 0;
    .port_info 0 /INPUT 32 "Q";
    .port_info 1 /OUTPUT 32 "out";
L_000001db1faab4a0 .functor BUFZ 32, L_000001db1f9525b0, C4<00000000000000000000000000000000>, C4<00000000000000000000000000000000>, C4<00000000000000000000000000000000>;
v000001db1f985610_0 .net "Q", 31 0, L_000001db1faae510;  alias, 1 drivers
v000001db1f9856b0_0 .net *"_ivl_0", 31 0, L_000001db1f9525b0;  1 drivers
v000001db1faabc90 .array "array", 0 3, 31 0;
v000001db1faabd30_0 .net "out", 31 0, L_000001db1faab4a0;  alias, 1 drivers
L_000001db1f9525b0 .array/port v000001db1faabc90, L_000001db1faae510;
    .scope S_000001db1f985480;
T_0 ;
    %wait E_000001db1f988ec0;
    %load/vec4 v000001db1faa9fd0_0;
    %flag_set/vec4 8;
    %jmp/0xz  T_0.0, 8;
    %pushi/vec4 0, 0, 32;
    %assign/vec4 v000001db1f952e70_0, 0;
    %jmp T_0.1;
T_0.0 ;
    %load/vec4 v000001db1f952e70_0;
    %addi 1, 0, 32;
    %assign/vec4 v000001db1f952e70_0, 0;
T_0.1 ;
    %jmp T_0;
    .thread T_0;
    .scope S_000001db1faab090;
T_1 ;
    %pushi/vec4 0, 0, 32;
    %ix/load 4, 0, 0;
    %flag_set/imm 4, 0;
    %store/vec4a v000001db1faabc90, 4, 0;
    %pushi/vec4 1, 0, 32;
    %ix/load 4, 1, 0;
    %flag_set/imm 4, 0;
    %store/vec4a v000001db1faabc90, 4, 0;
    %pushi/vec4 2, 0, 32;
    %ix/load 4, 2, 0;
    %flag_set/imm 4, 0;
    %store/vec4a v000001db1faabc90, 4, 0;
    %pushi/vec4 3, 0, 32;
    %ix/load 4, 3, 0;
    %flag_set/imm 4, 0;
    %store/vec4a v000001db1faabc90, 4, 0;
    %end;
    .thread T_1;
    .scope S_000001db1f9852f0;
T_2 ;
    %delay 5, 0;
    %load/vec4 v000001db1faab220_0;
    %inv;
    %store/vec4 v000001db1faab220_0, 0, 1;
    %jmp T_2;
    .thread T_2;
    .scope S_000001db1f9852f0;
T_3 ;
    %pushi/vec4 1, 0, 1;
    %store/vec4 v000001db1f952510_0, 0, 1;
    %pushi/vec4 1, 0, 1;
    %store/vec4 v000001db1faab220_0, 0, 1;
    %delay 10, 0;
    %pushi/vec4 0, 0, 1;
    %store/vec4 v000001db1f952510_0, 0, 1;
    %delay 500, 0;
    %vpi_call/w 3 20 "$finish" {0 0 0};
    %end;
    .thread T_3;
    .scope S_000001db1f9852f0;
T_4 ;
    %vpi_call/w 3 27 "$monitor", "Clk=%d, reset=%d, q=%d, Q=%d, out=%d", v000001db1faab220_0, v000001db1f952510_0, v000001db1faab400_0, v000001db1faab2c0_0, v000001db1faab360_0 {0 0 0};
    %vpi_call/w 3 28 "$dumpfile", "counter.vcd" {0 0 0};
    %vpi_call/w 3 29 "$dumpvars", 32'sb00000000000000000000000000000000, S_000001db1f9852f0 {0 0 0};
    %end;
    .thread T_4;
# The file index is used to find the file name in the following table.
:file_names 6;
    "N/A";
    "<interactive>";
    "-";
    ".\counter_test.sv";
    "counter.sv";
    "imem.sv";
