#! /usr/bin/vvp
:ivl_version "12.0 (stable)" "(v12_0-dirty)";
:ivl_delay_selection "TYPICAL";
:vpi_time_precision + 0;
:vpi_module "/usr/lib/ivl/system.vpi";
:vpi_module "/usr/lib/ivl/vhdl_sys.vpi";
:vpi_module "/usr/lib/ivl/vhdl_textio.vpi";
:vpi_module "/usr/lib/ivl/v2005_math.vpi";
:vpi_module "/usr/lib/ivl/va_math.vpi";
:vpi_module "/usr/lib/ivl/v2009.vpi";
S_0x5577a29d2540 .scope package, "$unit" "$unit" 2 1;
 .timescale 0 0;
S_0x5577a29d26d0 .scope module, "dmem" "dmem" 3 1;
 .timescale 0 0;
    .port_info 0 /INPUT 1 "Clk";
    .port_info 1 /INPUT 1 "we";
    .port_info 2 /INPUT 32 "a";
    .port_info 3 /INPUT 32 "wd";
    .port_info 4 /OUTPUT 32 "rd";
L_0x5577a2a1c510 .functor BUFZ 32, L_0x5577a2a1c360, C4<00000000000000000000000000000000>, C4<00000000000000000000000000000000>, C4<00000000000000000000000000000000>;
o0x7fd79caa6018 .functor BUFZ 1, C4<z>; HiZ drive
v0x5577a29f98d0_0 .net "Clk", 0 0, o0x7fd79caa6018;  0 drivers
v0x5577a2a1bcb0 .array "RAM", 0 63, 31 0;
v0x5577a2a1bd70_0 .net *"_ivl_0", 31 0, L_0x5577a2a1c360;  1 drivers
v0x5577a2a1be30_0 .net *"_ivl_3", 29 0, L_0x5577a2a1c420;  1 drivers
o0x7fd79caa60a8 .functor BUFZ 32, C4<zzzzzzzzzzzzzzzzzzzzzzzzzzzzzzzz>; HiZ drive
v0x5577a2a1bf10_0 .net "a", 31 0, o0x7fd79caa60a8;  0 drivers
v0x5577a2a1c040_0 .net "rd", 31 0, L_0x5577a2a1c510;  1 drivers
o0x7fd79caa6108 .functor BUFZ 32, C4<zzzzzzzzzzzzzzzzzzzzzzzzzzzzzzzz>; HiZ drive
v0x5577a2a1c120_0 .net "wd", 31 0, o0x7fd79caa6108;  0 drivers
o0x7fd79caa6138 .functor BUFZ 1, C4<z>; HiZ drive
v0x5577a2a1c200_0 .net "we", 0 0, o0x7fd79caa6138;  0 drivers
E_0x5577a29d3080 .event posedge, v0x5577a29f98d0_0;
L_0x5577a2a1c360 .array/port v0x5577a2a1bcb0, L_0x5577a2a1c420;
L_0x5577a2a1c420 .part o0x7fd79caa60a8, 2, 30;
    .scope S_0x5577a29d26d0;
T_0 ;
    %wait E_0x5577a29d3080;
    %load/vec4 v0x5577a2a1c200_0;
    %flag_set/vec4 8;
    %jmp/0xz  T_0.0, 8;
    %load/vec4 v0x5577a2a1c120_0;
    %load/vec4 v0x5577a2a1bf10_0;
    %parti/s 30, 2, 3;
    %ix/vec4 3;
    %ix/load 4, 0, 0; Constant delay
    %assign/vec4/a/d v0x5577a2a1bcb0, 0, 4;
T_0.0 ;
    %jmp T_0;
    .thread T_0;
# The file index is used to find the file name in the following table.
:file_names 4;
    "N/A";
    "<interactive>";
    "-";
    "dmem.sv";
