#! /usr/bin/vvp
:ivl_version "12.0 (stable)" "(v12_0-dirty)";
:ivl_delay_selection "TYPICAL";
:vpi_time_precision + 0;
:vpi_module "/usr/lib/ivl/system.vpi";
:vpi_module "/usr/lib/ivl/vhdl_sys.vpi";
:vpi_module "/usr/lib/ivl/vhdl_textio.vpi";
:vpi_module "/usr/lib/ivl/v2005_math.vpi";
:vpi_module "/usr/lib/ivl/va_math.vpi";
:vpi_module "/usr/lib/ivl/v2009.vpi";
S_0x558939c75eb0 .scope package, "$unit" "$unit" 2 1;
 .timescale 0 0;
S_0x558939c76040 .scope module, "aludec" "aludec" 3 1;
 .timescale 0 0;
    .port_info 0 /INPUT 1 "opb5";
    .port_info 1 /INPUT 3 "funct3";
    .port_info 2 /INPUT 1 "funct7b5";
    .port_info 3 /INPUT 2 "ALUOp";
    .port_info 4 /OUTPUT 3 "ALUControl";
o0x7fdd64cb60d8 .functor BUFZ 1, C4<z>; HiZ drive
o0x7fdd64cb6108 .functor BUFZ 1, C4<z>; HiZ drive
L_0x558939c78bc0 .functor AND 1, o0x7fdd64cb60d8, o0x7fdd64cb6108, C4<1>, C4<1>;
v0x558939c3a570_0 .var "ALUControl", 2 0;
o0x7fdd64cb6048 .functor BUFZ 2, C4<zz>; HiZ drive
v0x558939c918d0_0 .net "ALUOp", 1 0, o0x7fdd64cb6048;  0 drivers
v0x558939c919b0_0 .net "RtypeSub", 0 0, L_0x558939c78bc0;  1 drivers
o0x7fdd64cb60a8 .functor BUFZ 3, C4<zzz>; HiZ drive
v0x558939c91a50_0 .net "funct3", 2 0, o0x7fdd64cb60a8;  0 drivers
v0x558939c91b30_0 .net "funct7b5", 0 0, o0x7fdd64cb60d8;  0 drivers
v0x558939c91c40_0 .net "opb5", 0 0, o0x7fdd64cb6108;  0 drivers
E_0x558939c3ac50 .event anyedge, v0x558939c918d0_0, v0x558939c91a50_0, v0x558939c919b0_0;
S_0x558939c795a0 .scope module, "controller" "controller" 4 1;
 .timescale 0 0;
    .port_info 0 /INPUT 7 "op";
    .port_info 1 /INPUT 3 "funct3";
    .port_info 2 /INPUT 1 "funct7b5";
    .port_info 3 /INPUT 1 "Zero";
    .port_info 4 /OUTPUT 2 "ResultSrc";
    .port_info 5 /OUTPUT 1 "MemWrite";
    .port_info 6 /OUTPUT 1 "PCSrc";
    .port_info 7 /OUTPUT 1 "ALUSrc";
    .port_info 8 /OUTPUT 1 "RegWrite";
    .port_info 9 /OUTPUT 1 "Jump";
    .port_info 10 /OUTPUT 2 "ImmSrc";
    .port_info 11 /OUTPUT 3 "ALUControl";
o0x7fdd64cb63d8 .functor BUFZ 1, C4<z>; HiZ drive
L_0x558939c93720 .functor AND 1, v0x558939c91f60_0, o0x7fdd64cb63d8, C4<1>, C4<1>;
L_0x558939c93820 .functor OR 1, L_0x558939c93720, v0x558939c920e0_0, C4<0>, C4<0>;
v0x558939c91da0_0 .var "ALUControl", 2 0;
v0x558939c91ea0_0 .var "ALUSrc", 0 0;
v0x558939c91f60_0 .var "Branch", 0 0;
v0x558939c92000_0 .var "ImmSrc", 1 0;
v0x558939c920e0_0 .var "Jump", 0 0;
v0x558939c921f0_0 .var "MemWrite", 0 0;
v0x558939c922b0_0 .net "PCSrc", 0 0, L_0x558939c93820;  1 drivers
v0x558939c92370_0 .var "RegWrite", 0 0;
v0x558939c92430_0 .var "ResultSrc", 1 0;
v0x558939c925a0_0 .net "Zero", 0 0, o0x7fdd64cb63d8;  0 drivers
v0x558939c92660_0 .net *"_ivl_0", 0 0, L_0x558939c93720;  1 drivers
o0x7fdd64cb6438 .functor BUFZ 3, C4<zzz>; HiZ drive
v0x558939c92740_0 .net "funct3", 2 0, o0x7fdd64cb6438;  0 drivers
o0x7fdd64cb6468 .functor BUFZ 1, C4<z>; HiZ drive
v0x558939c92820_0 .net "funct7b5", 0 0, o0x7fdd64cb6468;  0 drivers
o0x7fdd64cb6498 .functor BUFZ 7, C4<zzzzzzz>; HiZ drive
v0x558939c928e0_0 .net "op", 6 0, o0x7fdd64cb6498;  0 drivers
S_0x558939c79860 .scope module, "maindec" "maindec" 5 1;
 .timescale 0 0;
    .port_info 0 /INPUT 7 "op";
    .port_info 1 /OUTPUT 2 "ResultSrc";
    .port_info 2 /OUTPUT 1 "MemWrite";
    .port_info 3 /OUTPUT 1 "Branch";
    .port_info 4 /OUTPUT 1 "ALUSrc";
    .port_info 5 /OUTPUT 1 "RegWrite";
    .port_info 6 /OUTPUT 1 "Jump";
    .port_info 7 /OUTPUT 2 "ImmSrc";
    .port_info 8 /OUTPUT 2 "ALUOp";
v0x558939c92bf0_0 .net "ALUOp", 1 0, L_0x558939c93ef0;  1 drivers
v0x558939c92cf0_0 .net "ALUSrc", 0 0, L_0x558939c93ae0;  1 drivers
v0x558939c92db0_0 .net "Branch", 0 0, L_0x558939c93de0;  1 drivers
v0x558939c92e50_0 .net "ImmSrc", 1 0, L_0x558939c939c0;  1 drivers
v0x558939c92f30_0 .net "Jump", 0 0, L_0x558939c93f90;  1 drivers
v0x558939c92ff0_0 .net "MemWrite", 0 0, L_0x558939c93b80;  1 drivers
v0x558939c930b0_0 .net "RegWrite", 0 0, L_0x558939c938c0;  1 drivers
v0x558939c93170_0 .net "ResultSrc", 1 0, L_0x558939c93d10;  1 drivers
v0x558939c93250_0 .net *"_ivl_10", 10 0, v0x558939c933c0_0;  1 drivers
v0x558939c933c0_0 .var "controls", 10 0;
o0x7fdd64cb68e8 .functor BUFZ 7, C4<zzzzzzz>; HiZ drive
v0x558939c934a0_0 .net "op", 6 0, o0x7fdd64cb68e8;  0 drivers
E_0x558939c3af70 .event anyedge, v0x558939c934a0_0;
L_0x558939c938c0 .part v0x558939c933c0_0, 10, 1;
L_0x558939c939c0 .part v0x558939c933c0_0, 8, 2;
L_0x558939c93ae0 .part v0x558939c933c0_0, 7, 1;
L_0x558939c93b80 .part v0x558939c933c0_0, 6, 1;
L_0x558939c93d10 .part v0x558939c933c0_0, 4, 2;
L_0x558939c93de0 .part v0x558939c933c0_0, 3, 1;
L_0x558939c93ef0 .part v0x558939c933c0_0, 1, 2;
L_0x558939c93f90 .part v0x558939c933c0_0, 0, 1;
    .scope S_0x558939c76040;
T_0 ;
Ewait_0 .event/or E_0x558939c3ac50, E_0x0;
    %wait Ewait_0;
    %load/vec4 v0x558939c918d0_0;
    %dup/vec4;
    %pushi/vec4 0, 0, 2;
    %cmp/u;
    %jmp/1 T_0.0, 6;
    %dup/vec4;
    %pushi/vec4 1, 0, 2;
    %cmp/u;
    %jmp/1 T_0.1, 6;
    %load/vec4 v0x558939c91a50_0;
    %dup/vec4;
    %pushi/vec4 0, 0, 3;
    %cmp/u;
    %jmp/1 T_0.4, 6;
    %dup/vec4;
    %pushi/vec4 2, 0, 3;
    %cmp/u;
    %jmp/1 T_0.5, 6;
    %dup/vec4;
    %pushi/vec4 6, 0, 3;
    %cmp/u;
    %jmp/1 T_0.6, 6;
    %dup/vec4;
    %pushi/vec4 7, 0, 3;
    %cmp/u;
    %jmp/1 T_0.7, 6;
    %pushi/vec4 7, 7, 3;
    %store/vec4 v0x558939c3a570_0, 0, 3;
    %jmp T_0.9;
T_0.4 ;
    %load/vec4 v0x558939c919b0_0;
    %flag_set/vec4 8;
    %jmp/0xz  T_0.10, 8;
    %pushi/vec4 1, 0, 3;
    %store/vec4 v0x558939c3a570_0, 0, 3;
    %jmp T_0.11;
T_0.10 ;
    %pushi/vec4 0, 0, 3;
    %store/vec4 v0x558939c3a570_0, 0, 3;
T_0.11 ;
    %jmp T_0.9;
T_0.5 ;
    %pushi/vec4 5, 0, 3;
    %store/vec4 v0x558939c3a570_0, 0, 3;
    %jmp T_0.9;
T_0.6 ;
    %pushi/vec4 3, 0, 3;
    %store/vec4 v0x558939c3a570_0, 0, 3;
    %jmp T_0.9;
T_0.7 ;
    %pushi/vec4 2, 0, 3;
    %store/vec4 v0x558939c3a570_0, 0, 3;
    %jmp T_0.9;
T_0.9 ;
    %pop/vec4 1;
    %jmp T_0.3;
T_0.0 ;
    %pushi/vec4 0, 0, 3;
    %store/vec4 v0x558939c3a570_0, 0, 3;
    %jmp T_0.3;
T_0.1 ;
    %pushi/vec4 1, 0, 3;
    %store/vec4 v0x558939c3a570_0, 0, 3;
    %jmp T_0.3;
T_0.3 ;
    %pop/vec4 1;
    %jmp T_0;
    .thread T_0, $push;
    .scope S_0x558939c79860;
T_1 ;
Ewait_1 .event/or E_0x558939c3af70, E_0x0;
    %wait Ewait_1;
    %load/vec4 v0x558939c934a0_0;
    %dup/vec4;
    %pushi/vec4 3, 0, 7;
    %cmp/u;
    %jmp/1 T_1.0, 6;
    %dup/vec4;
    %pushi/vec4 35, 0, 7;
    %cmp/u;
    %jmp/1 T_1.1, 6;
    %dup/vec4;
    %pushi/vec4 51, 0, 7;
    %cmp/u;
    %jmp/1 T_1.2, 6;
    %dup/vec4;
    %pushi/vec4 99, 0, 7;
    %cmp/u;
    %jmp/1 T_1.3, 6;
    %dup/vec4;
    %pushi/vec4 19, 0, 7;
    %cmp/u;
    %jmp/1 T_1.4, 6;
    %dup/vec4;
    %pushi/vec4 111, 0, 7;
    %cmp/u;
    %jmp/1 T_1.5, 6;
    %pushi/vec4 2047, 2047, 11;
    %store/vec4 v0x558939c933c0_0, 0, 11;
    %jmp T_1.7;
T_1.0 ;
    %pushi/vec4 1168, 0, 11;
    %store/vec4 v0x558939c933c0_0, 0, 11;
    %jmp T_1.7;
T_1.1 ;
    %pushi/vec4 448, 0, 11;
    %store/vec4 v0x558939c933c0_0, 0, 11;
    %jmp T_1.7;
T_1.2 ;
    %pushi/vec4 1796, 768, 11;
    %store/vec4 v0x558939c933c0_0, 0, 11;
    %jmp T_1.7;
T_1.3 ;
    %pushi/vec4 522, 0, 11;
    %store/vec4 v0x558939c933c0_0, 0, 11;
    %jmp T_1.7;
T_1.4 ;
    %pushi/vec4 1156, 0, 11;
    %store/vec4 v0x558939c933c0_0, 0, 11;
    %jmp T_1.7;
T_1.5 ;
    %pushi/vec4 1825, 0, 11;
    %store/vec4 v0x558939c933c0_0, 0, 11;
    %jmp T_1.7;
T_1.7 ;
    %pop/vec4 1;
    %jmp T_1;
    .thread T_1, $push;
# The file index is used to find the file name in the following table.
:file_names 6;
    "N/A";
    "<interactive>";
    "-";
    "controller/aludec.sv";
    "controller/controller.sv";
    "controller/maindec.sv";
