#! /usr/bin/vvp
:ivl_version "12.0 (stable)" "(v12_0-dirty)";
:ivl_delay_selection "TYPICAL";
:vpi_time_precision + 0;
:vpi_module "/usr/lib/ivl/system.vpi";
:vpi_module "/usr/lib/ivl/vhdl_sys.vpi";
:vpi_module "/usr/lib/ivl/vhdl_textio.vpi";
:vpi_module "/usr/lib/ivl/v2005_math.vpi";
:vpi_module "/usr/lib/ivl/va_math.vpi";
:vpi_module "/usr/lib/ivl/v2009.vpi";
S_0x55f079aa3520 .scope package, "$unit" "$unit" 2 1;
 .timescale 0 0;
S_0x55f079aa36b0 .scope module, "controller" "controller" 3 1;
 .timescale 0 0;
    .port_info 0 /INPUT 7 "op";
    .port_info 1 /INPUT 3 "funct3";
    .port_info 2 /INPUT 1 "funct7b5";
    .port_info 3 /INPUT 1 "Zero";
    .port_info 4 /OUTPUT 2 "ResultSrc";
    .port_info 5 /OUTPUT 1 "MemWrite";
    .port_info 6 /OUTPUT 1 "PCSrc";
    .port_info 7 /OUTPUT 1 "ALUSrc";
    .port_info 8 /OUTPUT 1 "RegWrite";
    .port_info 9 /OUTPUT 1 "Jump";
    .port_info 10 /OUTPUT 2 "ImmSrc";
    .port_info 11 /OUTPUT 3 "ALUControl";
o0x7f8939af21c8 .functor BUFZ 1, C4<z>; HiZ drive
L_0x55f079ade7e0 .functor AND 1, v0x55f079aee0e0_0, o0x7f8939af21c8, C4<1>, C4<1>;
L_0x55f079aeed20 .functor OR 1, L_0x55f079ade7e0, v0x55f079aee260_0, C4<0>, C4<0>;
v0x55f079acaec0_0 .var "ALUControl", 2 0;
v0x55f079aee020_0 .var "ALUSrc", 0 0;
v0x55f079aee0e0_0 .var "Branch", 0 0;
v0x55f079aee180_0 .var "ImmSrc", 1 0;
v0x55f079aee260_0 .var "Jump", 0 0;
v0x55f079aee370_0 .var "MemWrite", 0 0;
v0x55f079aee430_0 .net "PCSrc", 0 0, L_0x55f079aeed20;  1 drivers
v0x55f079aee4f0_0 .var "RegWrite", 0 0;
v0x55f079aee5b0_0 .var "ResultSrc", 1 0;
v0x55f079aee690_0 .net "Zero", 0 0, o0x7f8939af21c8;  0 drivers
v0x55f079aee750_0 .net *"_ivl_0", 0 0, L_0x55f079ade7e0;  1 drivers
o0x7f8939af2228 .functor BUFZ 3, C4<zzz>; HiZ drive
v0x55f079aee830_0 .net "funct3", 2 0, o0x7f8939af2228;  0 drivers
o0x7f8939af2258 .functor BUFZ 1, C4<z>; HiZ drive
v0x55f079aee910_0 .net "funct7b5", 0 0, o0x7f8939af2258;  0 drivers
o0x7f8939af2288 .functor BUFZ 7, C4<zzzzzzz>; HiZ drive
v0x55f079aee9d0_0 .net "op", 6 0, o0x7f8939af2288;  0 drivers
# The file index is used to find the file name in the following table.
:file_names 4;
    "N/A";
    "<interactive>";
    "-";
    "controller.sv";
